<?xml version="1.0" encoding="UTF-8"?>
<!-- Generated by org.testng.reporters.JUnitReportReporter -->
<testsuite hostname="DESKTOP-EN3G7O2" failures="0" tests="1" name="test.automation.TestNGAnnotations" time="0.010" errors="0" timestamp="2025-08-21T14:21:15 IST" skipped="0">
  <testcase classname="test.automation.TestNGAnnotations" name="testcase" time="0.010"/>
</testsuite> <!-- test.automation.TestNGAnnotations -->
